<?xml version="1.0" encoding="UTF-8"?>
<testng-results skipped="0" failed="0" ignored="0" total="3" passed="3">
  <reporter-output>
  </reporter-output>
  <suite name="Default suite" duration-ms="5420" started-at="2021-05-05T14:58:11Z" finished-at="2021-05-05T14:58:17Z">
    <groups>
    </groups>
    <test name="Default test" duration-ms="5420" started-at="2021-05-05T14:58:11Z" finished-at="2021-05-05T14:58:17Z">
      <class name="nasa.NasaAPITest">
        <test-method status="PASS" signature="setUp()[pri:0, instance:nasa.NasaAPITest@769f71a9]" name="setUp" is-config="true" duration-ms="769" started-at="2021-05-05T09:58:11Z" finished-at="2021-05-05T09:58:12Z">
          <reporter-output>
          </reporter-output>
        </test-method> <!-- setUp -->
        <test-method status="PASS" signature="getResponse200()[pri:0, instance:nasa.NasaAPITest@769f71a9]" name="getResponse200" duration-ms="3503" started-at="2021-05-05T09:58:12Z" finished-at="2021-05-05T09:58:16Z">
          <reporter-output>
          </reporter-output>
        </test-method> <!-- getResponse200 -->
        <test-method status="PASS" signature="getResponseDeserialization()[pri:0, instance:nasa.NasaAPITest@769f71a9]" name="getResponseDeserialization" duration-ms="1108" started-at="2021-05-05T09:58:16Z" finished-at="2021-05-05T09:58:17Z">
          <reporter-output>
          </reporter-output>
        </test-method> <!-- getResponseDeserialization -->
        <test-method status="PASS" signature="setSerialization()[pri:0, instance:nasa.NasaAPITest@769f71a9]" name="setSerialization" duration-ms="1" started-at="2021-05-05T09:58:17Z" finished-at="2021-05-05T09:58:17Z">
          <reporter-output>
          </reporter-output>
        </test-method> <!-- setSerialization -->
        <test-method status="PASS" signature="tearDown()[pri:0, instance:nasa.NasaAPITest@769f71a9]" name="tearDown" is-config="true" duration-ms="1" started-at="2021-05-05T09:58:17Z" finished-at="2021-05-05T09:58:17Z">
          <reporter-output>
          </reporter-output>
        </test-method> <!-- tearDown -->
      </class> <!-- nasa.NasaAPITest -->
    </test> <!-- Default test -->
  </suite> <!-- Default suite -->
</testng-results>
